<?xml version="1.0" encoding="UTF-8"?>
<testsuite xmlns:xsi="http://www.w3.org/2001/XMLSchema-instance" xsi:noNamespaceSchemaLocation="https://maven.apache.org/surefire/maven-surefire-plugin/xsd/surefire-test-report-3.0.xsd" version="3.0" name="TestSuite" time="0.603" tests="15" errors="0" skipped="0" failures="0">
  <properties>
[...]
</properties>
  <testcase name="LoginCarLoanSmoke[qaclickacademy.com](1)" classname="test.day4" time="0.0">
    <system-out><![CDATA[------------------------
Before Suite
Im going to execute first
Before class methods get executed
Im called before every method in the day3 testclass
day2
Bye: personalLoan.com
LoginCarLoanSmoke: qaclickacademy.com
LoginAPIHomeLoan: HomeALoan.com
Username: MisterMonopoly
Success from Listeners-class: LoginCarLoanSmoke
Success from Listeners-class: Ploan
Success from Listeners-class: SecondTest
Success from Listeners-class: LoginAPIHomeLoan
]]></system-out>
  </testcase>
  <testcase name="LoginCarLoanSmoke[qaclickacademy.com](1)" classname="test.day4" time="0.0">
    <system-out><![CDATA[LoginCarLoanSmoke: qaclickacademy.com
Success from Listeners-class: LoginCarLoanSmoke
]]></system-out>
  </testcase>
  <testcase name="WebLoginCarLoan" classname="test.day4" time="0.008">
    <system-out><![CDATA[Im called after every method in the day3 testclass
WebLoginCarLoan
Success from Listeners-class: WebLoginCarLoan
Im called before every method in the day3 testclass
]]></system-out>
  </testcase>
  <testcase name="MobileLoginCarLoan" classname="test.day4" time="0.0">
    <system-out><![CDATA[MobileLoginCarLoan
Success from Listeners-class: MobileLoginCarLoan
]]></system-out>
  </testcase>
  <testcase name="MobileLoginCarLoan" classname="test.day4" time="0.013">
    <system-out><![CDATA[MobileLoginCarLoan
Success from Listeners-class: MobileLoginCarLoan
]]></system-out>
  </testcase>
  <testcase name="LoginAPICarLoan[qaclickacademy.com](1)" classname="test.day4" time="0.0">
    <system-out><![CDATA[Im called after every method in the day3 testclass
LoginAPICarLoan: qaclickacademy.com
Success from Listeners-class: LoginAPICarLoan
]]></system-out>
  </testcase>
  <testcase name="Ploan" classname="test.day2" time="0.006"/>
  <testcase name="Ploan" classname="test.day2" time="0.0">
    <system-out><![CDATA[Im called after every method in the day3 testclass
After Class methods get executed
After Suite
------------------------
day2
Success from Listeners-class: Ploan
]]></system-out>
  </testcase>
  <testcase name="SecondTest[personalLoan.com](1)" classname="test.day1" time="0.006"/>
  <testcase name="LoginAPIHomeLoan[HomeALoan.com, MisterMonopoly](1)" classname="test.day3" time="0.006"/>
  <testcase name="MobileLoginHomeLoan[firstsetusername, firstsetpassword](1)" classname="test.day3" time="0.004">
    <system-out><![CDATA[Im called after every method in the day3 testclass
Im called before every method in the day3 testclass
I will execute last
MobileLoginHomeLoan
Username:firstsetusername
password: firstsetpassword
Success from Listeners-class: MobileLoginHomeLoan
]]></system-out>
  </testcase>
  <testcase name="MobileLoginHomeLoan[secondsetusername, secondsetpassword](2)" classname="test.day3" time="0.0">
    <system-out><![CDATA[MobileLoginHomeLoan
Username:secondsetusername
password: secondsetpassword
Success from Listeners-class: MobileLoginHomeLoan
]]></system-out>
  </testcase>
  <testcase name="MobileLoginHomeLoan[thirdsetusername, thirdsetpassword](3)" classname="test.day3" time="0.0">
    <system-out><![CDATA[Im called after every method in the day3 testclass
Im called before every method in the day3 testclass
MobileLoginHomeLoan
Username:thirdsetusername
password: thirdsetpassword
Success from Listeners-class: MobileLoginHomeLoan
]]></system-out>
  </testcase>
  <testcase name="WebloginHomeLoan" classname="test.day3" time="0.001">
    <system-out><![CDATA[Im called before every method in the day3 testclass
WebloginHomeLoan
Success from Listeners-class: WebloginHomeLoan
]]></system-out>
  </testcase>
  <testcase name="WebloginHomeLoan" classname="test.day3" time="0.0">
    <system-out><![CDATA[WebloginHomeLoan
Success from Listeners-class: WebloginHomeLoan
]]></system-out>
  </testcase>
</testsuite>