<?xml version="1.0" encoding="UTF-8"?>
<!-- Generated by org.testng.reporters.JUnitXMLReporter -->
<testsuite ignored="0" hostname="L-ATE-51HYQV3" failures="0" tests="4" name="Car Loan" time="0.053" errors="0" timestamp="2024-04-08T13:53:21 MESZ">
  <testcase classname="test.day4" name="LoginCarLoanSmoke" time="0.002"/>
  <testcase classname="test.day4" name="WebLoginCarLoan" time="0.0"/>
  <testcase classname="test.day4" name="MobileLoginCarLoan" time="0.001"/>
  <testcase classname="test.day4" name="LoginAPICarLoan" time="0.0"/>
</testsuite> <!-- Car Loan -->
