<?xml version="1.0" encoding="UTF-8"?>
<!-- Generated by org.testng.reporters.JUnitXMLReporter -->
<testsuite ignored="0" hostname="L-ATE-51HYQV3" failures="0" tests="5" name="Home Loan" time="0.053" errors="0" timestamp="2024-04-08T13:53:21 MESZ">
  <testcase classname="test.day3" name="LoginAPIHomeLoan" time="0.005"/>
  <testcase classname="test.day3" name="MobileLoginHomeLoan" time="0.0"/>
  <testcase classname="test.day3" name="MobileLoginHomeLoan" time="0.004"/>
  <testcase classname="test.day3" name="MobileLoginHomeLoan" time="0.0"/>
  <testcase classname="test.day3" name="WebloginHomeLoan" time="0.0"/>
</testsuite> <!-- Home Loan -->
