<?xml version="1.0" encoding="UTF-8"?>
<!-- Generated by org.testng.reporters.JUnitXMLReporter -->
<testsuite ignored="1" hostname="L-ATE-51HYQV3" failures="0" tests="2" name="Personal Loan" time="0.045" errors="0" timestamp="2024-04-08T13:53:21 MESZ">
  <testcase classname="test.day2" name="Ploan" time="0.002"/>
  <testcase classname="test.day1" name="SecondTest" time="0.003"/>
  <testcase classname="test.day1" name="Demo" time="0.0">
    <ignored/>
  </testcase> <!-- Demo -->
</testsuite> <!-- Personal Loan -->
